Arguments: 
  /Users/danielschmidt/.nvm/versions/node/v18.12.1/bin/node /usr/local/bin/yarn init

PATH: 
  /Users/danielschmidt/.nvm/versions/node/v18.12.1/bin:/usr/local/Caskroom/google-cloud-sdk/latest/google-cloud-sdk/bin:/usr/local/opt/openjdk/bin:/usr/local/opt/go/bin:/usr/local/opt/go@1.18/bin:/usr/local/opt/openssl@1.1/bin:/usr/local/opt/go@1.16/bin:/usr/local/opt/ruby/bin:/Users/danielschmidt/anaconda/bin:/usr/local/opt/terraform@0.12/bin:/usr/local/bin:/Users/danielschmidt/.yarn/bin:/usr/local/opt/gnu-sed/libexec/gnubin:/usr/local/kubebuilder/bin:/usr/local/sbin:/Users/danielschmidt/.cargo/bin:/usr/local/lib/ruby/gems/2.6.0/bin:/System/Cryptexes/App/usr/bin:/usr/bin:/bin:/usr/sbin:/sbin:/Library/Apple/usr/bin:/Users/danielschmidt/go/bin:/usr/local/opt/go/libexec/bin:/usr/local/opt/go/bin/

Yarn version: 
  1.22.10

Node version: 
  18.12.1

Platform: 
  darwin x64

Trace: 
  Error: canceled
      at Interface.<anonymous> (/usr/local/lib/node_modules/yarn/lib/cli.js:136216:13)
      at Interface.emit (node:events:513:28)
      at [_ttyWrite] [as _ttyWrite] (node:internal/readline/interface:1124:18)
      at ReadStream.onkeypress (node:internal/readline/interface:273:20)
      at ReadStream.emit (node:events:513:28)
      at emitKeys (node:internal/readline/utils:357:14)
      at emitKeys.next (<anonymous>)
      at ReadStream.onData (node:internal/readline/emitKeypressEvents:64:36)
      at ReadStream.emit (node:events:513:28)
      at addChunk (node:internal/streams/readable:324:12)

npm manifest: 
  No manifest

yarn manifest: 
  No manifest

Lockfile: 
  No lockfile
